2026-02-18 16:34:53 | NEW SUBMISSION
Name: AARON KYEREMAH
Email: 10308493@upsamail.edu.gh
Phone: 0598348917
Subject: Services Quote
Message: i want a wbsite

2026-02-18 16:39:29 | NEW SUBMISSION
Name: AARON KYEREMAH
Email: 10308493@upsamail.edu.gh
Phone: 0598348917
Subject: Services Quote
Message:
i want a website

2026-02-18 16:56:06 | NEW SUBMISSION
Name: AARON KYEREMAH
Email: 10308493@upsamail.edu.gh
Phone: 0598348917
Subject: Services Quote
Message:
i want a website

2026-02-18 20:41:46 | NEW SUBMISSION
Name: AARON KYEREMAH
Email: 10308493@upsamail.edu.gh
Phone: 0598348917
Subject: General Enquiry
Message:
I want a website with of 500gh

2026-02-18 20:43:04 | NEW SUBMISSION
Name: AARON KYEREMAH
Email: 10308493@upsamail.edu.gh
Phone: 0598348917
Subject: Services Quote
Message:
i need a website with budget of 600ghs

2026-02-20 10:38:26 | NEW SUBMISSION
Name: AARON KYEREMAH
Email: 10308493@upsamail.edu.gh
Phone: 0531842835
Subject: General Enquiry
Message:
i need you to design graphic design

